{
  "Unit Tests": {
    "coverage": {
      "/Users/JesseSpevack/turing/1module/battleship/lib/rules.rb": [
        1,
        1,
        1,
        null,
        1,
        null,
        1,
        155,
        null,
        null,
        1,
        6,
        null,
        null,
        1,
        4,
        null,
        null,
        1,
        null,
        null,
        null,
        6,
        2,
        null,
        4,
        null,
        null,
        null,
        1,
        4,
        16,
        null,
        null,
        null
      ],
      "/Users/JesseSpevack/turing/1module/battleship/lib/board.rb": [
        1,
        1,
        1,
        null,
        null,
        1,
        6,
        6,
        null,
        null,
        1,
        183,
        null,
        null,
        1,
        2084,
        null,
        null,
        1,
        null,
        2084,
        24944,
        null,
        175,
        null,
        null,
        1,
        6,
        6,
        736,
        null,
        6,
        null,
        null,
        1,
        6,
        null,
        null,
        1,
        6,
        6,
        64,
        736,
        null,
        null,
        null,
        null,
        1,
        0,
        null,
        null,
        1,
        0,
        null,
        null,
        1,
        0,
        null,
        null,
        1,
        0,
        null,
        null,
        1,
        0,
        null,
        null,
        1,
        0,
        null,
        null,
        1,
        0,
        null,
        null,
        1,
        0,
        null,
        null,
        1,
        0,
        0,
        0,
        0,
        0,
        0,
        null,
        null,
        1,
        23,
        110,
        1173,
        null,
        null,
        null,
        null,
        1,
        163,
        null,
        null,
        1,
        0,
        null,
        null,
        1,
        19,
        null,
        null,
        1,
        10,
        null,
        null,
        1,
        4,
        3,
        null,
        null,
        1,
        3,
        13,
        null,
        null,
        1,
        4,
        21,
        null,
        null,
        1,
        3,
        null,
        null,
        1,
        3,
        null,
        null,
        1,
        4,
        null,
        null,
        1,
        4,
        null,
        null,
        1,
        80,
        null,
        null,
        1,
        59,
        null,
        null,
        1,
        2,
        2,
        2,
        2,
        null,
        null,
        1,
        4,
        4,
        4,
        4,
        null,
        null,
        1,
        12,
        null,
        null,
        1,
        11,
        null,
        null,
        1,
        3,
        null,
        null,
        1,
        2,
        6,
        null,
        null,
        null,
        1,
        1,
        5,
        null,
        null,
        null
      ],
      "/Users/JesseSpevack/turing/1module/battleship/lib/space.rb": [
        1,
        1,
        null,
        1,
        null,
        null,
        1,
        736,
        736,
        736,
        null,
        null,
        null
      ],
      "/Users/JesseSpevack/turing/1module/battleship/lib/ship.rb": [
        1,
        null,
        1,
        null,
        null,
        null,
        null,
        1,
        14,
        14,
        14,
        14,
        null,
        null,
        1,
        3,
        3,
        null,
        null,
        1,
        0,
        null,
        null,
        1,
        0,
        null,
        null,
        null
      ],
      "/Users/JesseSpevack/turing/1module/battleship/lib/player.rb": [
        1,
        1,
        null,
        1,
        1,
        null,
        null,
        null,
        null,
        1,
        3,
        3,
        3,
        3,
        3,
        3,
        null,
        null,
        1,
        0,
        null,
        null,
        1,
        0,
        null,
        null,
        1,
        0,
        null,
        null,
        1,
        13,
        null,
        null,
        1,
        17,
        null,
        null,
        1,
        3,
        3,
        null,
        null,
        null
      ]
    },
    "timestamp": 1468880942
  },
  "RSpec": {
    "coverage": {
      "/Users/JesseSpevack/turing/1module/battleship/lib/board.rb": [
        1,
        1,
        1,
        null,
        null,
        1,
        89,
        89,
        null,
        null,
        1,
        525,
        null,
        null,
        1,
        3687,
        null,
        null,
        1,
        null,
        3684,
        40112,
        null,
        374,
        null,
        null,
        1,
        95,
        95,
        7536,
        null,
        95,
        null,
        null,
        1,
        95,
        null,
        null,
        1,
        92,
        92,
        756,
        7312,
        null,
        null,
        null,
        null,
        1,
        26,
        null,
        null,
        1,
        26,
        null,
        null,
        1,
        26,
        null,
        null,
        1,
        26,
        null,
        null,
        1,
        19,
        null,
        null,
        1,
        21,
        null,
        null,
        1,
        23,
        null,
        null,
        1,
        22,
        null,
        null,
        1,
        17,
        17,
        17,
        17,
        17,
        17,
        null,
        null,
        1,
        87,
        253,
        1642,
        null,
        null,
        null,
        null,
        1,
        181,
        null,
        null,
        1,
        8,
        null,
        null,
        1,
        38,
        null,
        null,
        1,
        22,
        null,
        null,
        1,
        9,
        4,
        null,
        null,
        1,
        16,
        92,
        null,
        null,
        1,
        13,
        81,
        null,
        null,
        1,
        21,
        null,
        null,
        1,
        21,
        null,
        null,
        1,
        18,
        null,
        null,
        1,
        18,
        null,
        null,
        1,
        417,
        null,
        null,
        1,
        339,
        null,
        null,
        1,
        7,
        6,
        6,
        6,
        null,
        null,
        1,
        9,
        8,
        8,
        8,
        null,
        null,
        1,
        50,
        null,
        null,
        1,
        31,
        null,
        null,
        1,
        6,
        null,
        null,
        1,
        6,
        18,
        null,
        null,
        null,
        1,
        4,
        11,
        null,
        null,
        null
      ],
      "/Users/JesseSpevack/turing/1module/battleship/lib/space.rb": [
        1,
        1,
        null,
        1,
        null,
        null,
        1,
        7539,
        7539,
        7539,
        null,
        null,
        null
      ],
      "/Users/JesseSpevack/turing/1module/battleship/test/game_settings_test.rb": [
        1,
        1,
        null,
        1,
        1,
        1,
        1,
        1,
        1,
        null,
        1,
        1,
        1,
        null,
        null
      ],
      "/Users/JesseSpevack/turing/1module/battleship/lib/game_settings.rb": [
        1,
        1,
        null,
        null,
        null,
        1,
        1,
        1,
        1,
        null,
        null
      ],
      "/Users/JesseSpevack/turing/1module/battleship/test/player_test.rb": [
        1,
        1,
        null,
        1,
        1,
        1,
        1,
        null,
        null,
        1,
        1,
        1,
        null,
        null,
        1,
        1,
        1,
        null,
        null,
        1,
        1,
        1,
        1,
        1,
        1,
        1,
        1,
        1,
        null,
        1,
        1,
        1,
        1,
        null,
        null,
        1,
        1,
        1,
        1,
        1,
        1,
        1,
        null,
        1,
        1,
        null,
        1,
        1,
        1,
        null,
        1,
        1,
        1,
        null,
        1,
        1,
        1,
        null,
        1,
        1,
        1,
        null,
        null,
        1,
        1,
        1,
        1,
        null,
        1,
        1,
        1,
        null,
        null,
        1,
        1,
        1,
        1,
        null,
        1,
        2,
        null,
        1,
        null,
        1,
        3,
        null,
        1,
        null,
        1,
        4,
        null,
        1,
        null,
        1,
        1,
        1,
        null,
        null,
        null,
        null,
        1,
        1,
        1,
        1,
        null,
        1,
        null,
        1,
        1,
        1,
        1,
        1,
        1,
        null,
        1,
        1,
        1,
        1,
        null,
        1,
        1,
        1,
        1,
        null,
        1,
        1,
        1,
        1,
        null,
        1,
        1,
        null,
        1,
        1,
        null,
        1,
        1,
        null,
        null,
        1,
        1,
        1,
        1,
        null,
        1,
        1,
        1,
        null,
        1,
        null,
        1,
        1,
        1,
        null,
        null,
        null,
        null,
        null
      ],
      "/Users/JesseSpevack/turing/1module/battleship/lib/player.rb": [
        1,
        1,
        null,
        1,
        1,
        null,
        null,
        null,
        null,
        1,
        16,
        16,
        16,
        16,
        16,
        16,
        null,
        null,
        1,
        3,
        null,
        null,
        1,
        4,
        null,
        null,
        1,
        3,
        null,
        null,
        1,
        71,
        null,
        null,
        1,
        4,
        4,
        null,
        null,
        null,
        null
      ],
      "/Users/JesseSpevack/turing/1module/battleship/lib/ship.rb": [
        1,
        null,
        1,
        null,
        null,
        null,
        null,
        1,
        72,
        72,
        72,
        72,
        null,
        null,
        1,
        6,
        6,
        null,
        null,
        1,
        4,
        null,
        null,
        1,
        7,
        null,
        null,
        null
      ],
      "/Users/JesseSpevack/turing/1module/battleship/test/rules_test.rb": [
        1,
        1,
        null,
        1,
        1,
        1,
        1,
        1,
        1,
        1,
        1,
        1,
        1,
        1,
        1,
        1,
        1,
        1,
        1,
        null,
        null,
        null,
        null,
        null,
        null,
        null,
        null,
        null,
        null,
        null,
        null,
        145,
        144,
        null,
        null,
        1,
        1,
        1,
        1,
        1,
        1,
        1,
        1,
        1,
        1,
        1,
        null,
        null,
        null,
        null,
        null,
        null,
        null,
        null,
        null,
        null,
        null,
        null,
        null,
        null,
        null,
        null,
        null,
        1,
        1,
        1,
        1,
        1,
        1,
        1,
        1,
        1,
        1,
        null,
        1,
        1,
        1,
        1,
        null,
        null,
        null,
        null,
        null,
        null,
        null,
        null,
        null,
        null,
        null,
        null,
        null,
        null,
        null,
        null,
        1,
        1,
        1,
        1,
        1,
        1,
        1,
        1,
        1,
        1,
        1,
        1,
        null,
        1,
        1,
        1,
        1,
        1,
        1,
        null,
        null,
        1,
        1,
        1,
        1,
        1,
        1,
        1,
        1,
        1,
        1,
        1,
        1,
        1,
        1,
        1,
        1,
        1,
        null,
        1,
        1,
        1,
        1,
        1,
        1,
        null,
        null,
        null
      ],
      "/Users/JesseSpevack/turing/1module/battleship/lib/rules.rb": [
        1,
        1,
        1,
        null,
        1,
        null,
        1,
        155,
        null,
        null,
        1,
        6,
        null,
        null,
        1,
        4,
        null,
        null,
        1,
        null,
        null,
        null,
        6,
        2,
        null,
        4,
        null,
        null,
        null,
        null
      ],
      "/Users/JesseSpevack/turing/1module/battleship/test/ship_test.rb": [
        1,
        1,
        null,
        1,
        1,
        1,
        1,
        1,
        1,
        null,
        1,
        1,
        1,
        1,
        null,
        null,
        1,
        1,
        1,
        null,
        1,
        1,
        null,
        null,
        1,
        1,
        1,
        1,
        1,
        1,
        1,
        1,
        1,
        null,
        1,
        1,
        1,
        1,
        null,
        null,
        1,
        1,
        null,
        1,
        null,
        null,
        1,
        1,
        1,
        3,
        1,
        null,
        1,
        1,
        null,
        null,
        1,
        1,
        1,
        1,
        1,
        null,
        1,
        1,
        1,
        1,
        null,
        null,
        1,
        1,
        1,
        1,
        1,
        1,
        1,
        null,
        1,
        1,
        1,
        null,
        null,
        null
      ],
      "/Users/JesseSpevack/turing/1module/battleship/test/space_test.rb": [
        1,
        1,
        null,
        1,
        1,
        1,
        1,
        null,
        null,
        1,
        1,
        1,
        null,
        null,
        1,
        1,
        1,
        null,
        null
      ],
      "/Users/JesseSpevack/turing/1module/battleship/test/test_helper.rb": [
        1,
        1,
        1,
        1,
        1
      ]
    },
    "timestamp": 1468878768
  }
}
