{
  "Unit Tests": {
    "coverage": {
      "/Users/JesseSpevack/turing/1module/battleship/lib/space.rb": [
        1,
        1,
        null,
        null,
        null,
        1,
        3,
        3,
        3,
        null,
        null,
        null
      ]
    },
    "timestamp": 1468703108
  },
  "RSpec": {
    "coverage": {
      "/Users/JesseSpevack/turing/1module/battleship/lib/ship.rb": [
        1,
        null,
        1,
        null,
        null,
        null,
        null,
        1,
        15,
        15,
        15,
        15,
        null,
        null,
        1,
        2,
        2,
        null,
        null,
        1,
        4,
        null,
        null,
        1,
        7,
        null,
        null,
        null
      ],
      "/Users/JesseSpevack/turing/1module/battleship/test/space_test.rb": [
        1,
        1,
        null,
        1,
        1,
        1,
        1,
        null,
        null,
        1,
        1,
        1,
        null,
        null,
        1,
        1,
        1,
        null,
        null
      ],
      "/Users/JesseSpevack/turing/1module/battleship/lib/space.rb": [
        1,
        1,
        null,
        null,
        null,
        1,
        3,
        3,
        3,
        null,
        null,
        null
      ],
      "/Users/JesseSpevack/turing/1module/battleship/test/test_helper.rb": [
        1,
        1,
        1,
        1
      ]
    },
    "timestamp": 1468703391
  }
}
